2021-05-30 01:46:46 INFO  LoggerServ:60 - Admin have logged in successfully
2021-05-30 11:46:40 INFO  LoggerServ:60 - Admin have logged in successfully
2021-05-30 11:47:09 INFO  LoggerServ:104 - Ved have logged in successfully
2021-05-30 13:33:18 INFO  LoggerServ:104 - Ved have logged in successfully
2021-05-30 13:58:09 INFO  LoggerServ:86 - Vignesh have logged in successfully
2021-05-30 14:00:57 INFO  LoggerServ:86 - Vignesh have logged in successfully
2021-05-30 14:01:12 INFO  LoggerServ:104 - Ved have logged in successfully
2021-05-30 14:02:11 INFO  LoggerServ:86 - Vignesh have logged in successfully
2021-05-30 14:10:29 INFO  LoggerServ:86 - Vignesh have logged in successfully
2021-05-30 14:14:27 INFO  LoggerServ:98 - Priya have logged in successfully
2021-05-30 14:16:20 INFO  LoggerServ:86 - Vignesh have logged in successfully
2021-05-30 14:18:46 INFO  LoggerServ:104 - Priya have logged in successfully
2021-05-30 14:32:26 INFO  LoggerServ:104 - Ved have logged in successfully
2021-05-30 14:32:48 INFO  LoggerServ:104 - Priya have logged in successfully
2021-05-30 14:33:15 INFO  LoggerServ:86 - Vignesh have logged in successfully
2021-05-30 14:41:23 INFO  LoggerServ:60 - Admin have logged in successfully
2021-05-30 14:41:40 INFO  LoggerServ:60 - Admin have logged in successfully
2021-05-30 14:41:46 INFO  LoggerServ:60 - Admin have logged in successfully
2021-06-05 11:33:44 INFO  LoggerServ:55 - Admin have logged in successfully
2021-06-05 11:34:23 INFO  LoggerServ:55 - Admin have logged in successfully
2021-06-05 11:50:26 INFO  LoggerServ:55 - Admin have logged in successfully
2021-06-05 11:51:23 INFO  LoggerServ:55 - Admin have logged in successfully
2021-06-05 11:53:29 INFO  LoggerServ:55 - Admin Profile have logged in successfully
